<?xml version="1.0" encoding="UTF-8"?>
<!-- Generated by org.testng.reporters.JUnitReportReporter -->
<testsuite hostname="Vivek" failures="0" tests="1" name="Organizations.Demo" time="0.012" errors="0" timestamp="2023-06-14T11:32:10 IST" skipped="0">
  <testcase classname="Organizations.Demo" name="demo" time="0.012"/>
  <system-out/>
</testsuite> <!-- Organizations.Demo -->
